2025-05-13 15:36:20,877 - INFO - Typing metrics server starting
2025-05-13 15:36:20,878 - INFO - Starting keyboard listener
2025-05-13 15:36:20,904 - ERROR - Unexpected error: no running event loop
2025-05-13 15:36:20,904 - INFO - Application shutting down
2025-05-13 15:38:20,145 - INFO - Typing metrics server starting
2025-05-13 15:38:20,146 - INFO - Starting keyboard listener
2025-05-13 15:38:20,147 - INFO - Starting WebSocket server on port 8765
2025-05-13 15:38:20,172 - INFO - server listening on 0.0.0.0:8765
2025-05-13 15:38:22,985 - INFO - connection open
2025-05-13 15:38:22,985 - ERROR - connection handler failed
Traceback (most recent call last):
  File "/Users/parkeryanez/Desktop/ARKeys/.venv/lib/python3.9/site-packages/websockets/asyncio/server.py", line 376, in conn_handler
    await self.handler(connection)
TypeError: handle_client() missing 1 required positional argument: 'path'
2025-05-13 15:38:45,195 - INFO - server closing
2025-05-13 15:38:45,196 - INFO - server closed
2025-05-13 15:38:45,196 - INFO - Server stopped
2025-05-13 15:38:45,197 - INFO - Application shutting down
2025-05-13 22:59:42,675 - INFO - Typing metrics server starting
2025-05-13 22:59:42,676 - INFO - Starting keyboard listener
2025-05-13 22:59:42,677 - INFO - Starting WebSocket server on port 8765
2025-05-13 22:59:42,704 - INFO - server listening on 0.0.0.0:8765
2025-05-13 22:59:42,704 - INFO - Server running at ws://0.0.0.0:8765
2025-05-13 22:59:46,479 - INFO - connection open
2025-05-13 22:59:46,480 - INFO - Client 4579281600 connected
2025-05-13 22:59:52,008 - INFO - Mode transition: idle -> typing (word completion)
2025-05-13 23:01:11,656 - INFO - Mode transition: typing -> idle
2025-05-13 23:02:10,582 - INFO - Mode transition: idle -> typing
2025-05-13 23:02:49,861 - INFO - Mode transition: typing -> idle
2025-05-13 23:03:50,045 - INFO - Mode transition: idle -> typing
2025-05-13 23:04:48,573 - INFO - connection open
2025-05-13 23:04:48,574 - INFO - Client 4579282800 connected
2025-05-13 23:05:08,169 - INFO - Mode transition: typing -> idle
2025-05-13 23:05:22,372 - INFO - Mode transition: idle -> typing
2025-05-13 23:07:10,830 - INFO - Mode transition: typing -> idle
2025-05-13 23:08:29,986 - INFO - Mode transition: idle -> typing
2025-05-13 23:09:21,669 - INFO - Mode transition: typing -> idle
